[debug] [2019-03-26T23:02:18.386Z] ----------------------------------------------------------------------
[debug] [2019-03-26T23:02:18.388Z] Command:       /usr/local/bin/node /usr/local/bin/firebase serve
[debug] [2019-03-26T23:02:18.389Z] CLI Version:   6.5.0
[debug] [2019-03-26T23:02:18.389Z] Platform:      darwin
[debug] [2019-03-26T23:02:18.389Z] Node Version:  v10.15.1
[debug] [2019-03-26T23:02:18.391Z] Time:          Tue Mar 26 2019 16:02:18 GMT-0700 (Pacific Daylight Time)
[debug] [2019-03-26T23:02:18.391Z] ----------------------------------------------------------------------
[debug] 
[debug] [2019-03-26T23:02:18.406Z] > command requires scopes: ["email","openid","https://www.googleapis.com/auth/cloudplatformprojects.readonly","https://www.googleapis.com/auth/firebase","https://www.googleapis.com/auth/cloud-platform"]
[debug] [2019-03-26T23:02:18.407Z] > authorizing via signed-in user
[debug] [2019-03-26T23:02:18.408Z] [iam] checking project rate-my-internship for permissions ["firebase.projects.get"]
[debug] [2019-03-26T23:02:18.410Z] >>> HTTP REQUEST POST https://cloudresourcemanager.googleapis.com/v1/projects/rate-my-internship:testIamPermissions  

[debug] [2019-03-26T23:02:18.679Z] <<< HTTP RESPONSE 200
[debug] [2019-03-26T23:02:18.681Z] >>> HTTP REQUEST GET https://cloudresourcemanager.googleapis.com/v1/projects/rate-my-internship  
 
[debug] [2019-03-26T23:02:18.926Z] <<< HTTP RESPONSE 200
[info] 
[info] === Serving from '/Users/zarim/Documents/ratemyinternship/CloudProject'...
[info] 
[debug] [2019-03-26T23:02:19.696Z] Error: EACCES: permission denied, mkdir '/usr/local/lib/node_modules/firebase-tools/node_modules/@google-cloud/functions-emulator/logs'
    at Object.mkdirSync (fs.js:753:3)
    at Object.assertLogsPath (/usr/local/lib/node_modules/firebase-tools/node_modules/@google-cloud/functions-emulator/src/emulator/logs.js:65:10)
    at new Controller (/usr/local/lib/node_modules/firebase-tools/node_modules/@google-cloud/functions-emulator/src/cli/controller.js:77:32)
    at FunctionsEmulator.start (/usr/local/lib/node_modules/firebase-tools/lib/functionsEmulator.js:102:23)
    at Object.start (/usr/local/lib/node_modules/firebase-tools/lib/serve/functions.js:7:33)
    at /usr/local/lib/node_modules/firebase-tools/lib/serve/index.js:15:23
    at arrayMap (/usr/local/lib/node_modules/firebase-tools/node_modules/lodash/lodash.js:639:23)
    at Function.map (/usr/local/lib/node_modules/firebase-tools/node_modules/lodash/lodash.js:9556:14)
    at _serve (/usr/local/lib/node_modules/firebase-tools/lib/serve/index.js:13:26)
    at Command.module.exports.Command.description.option.option.option.option.before.action [as _action] (/usr/local/lib/node_modules/firebase-tools/lib/commands/serve.js:55:12)
[error] 
[error] Error: An unexpected error has occurred.
